0 info it worked if it ends with ok
1 verbose cli [ '/usr/local/Cellar/node/6.8.1/bin/node',
1 verbose cli   '/usr/local/bin/npm',
1 verbose cli   'run',
1 verbose cli   'webpack:prod' ]
2 info using npm@3.10.8
3 info using node@v6.8.1
4 verbose run-script [ 'prewebpack:prod', 'webpack:prod', 'postwebpack:prod' ]
5 info lifecycle webpack-typescript@1.0.0~prewebpack:prod: webpack-typescript@1.0.0
6 silly lifecycle webpack-typescript@1.0.0~prewebpack:prod: no script for prewebpack:prod, continuing
7 info lifecycle webpack-typescript@1.0.0~webpack:prod: webpack-typescript@1.0.0
8 verbose lifecycle webpack-typescript@1.0.0~webpack:prod: unsafe-perm in lifecycle true
9 verbose lifecycle webpack-typescript@1.0.0~webpack:prod: PATH: /usr/local/lib/node_modules/npm/bin/node-gyp-bin:/Users/githop/dev/js/animate-canvas/node_modules/.bin:/usr/local/Cellar/node/6.8.1/bin:/Users/githop/.rbenv/shims:/usr/local/bin:/usr/bin:/bin:/usr/sbin:/sbin:/Users/githop/.yarn/bin
10 verbose lifecycle webpack-typescript@1.0.0~webpack:prod: CWD: /Users/githop/dev/js/animate-canvas
11 silly lifecycle webpack-typescript@1.0.0~webpack:prod: Args: [ '-c', 'webpack --env.prod -p' ]
12 silly lifecycle webpack-typescript@1.0.0~webpack:prod: Returned: code: 2  signal: null
13 info lifecycle webpack-typescript@1.0.0~webpack:prod: Failed to exec webpack:prod script
14 verbose stack Error: webpack-typescript@1.0.0 webpack:prod: `webpack --env.prod -p`
14 verbose stack Exit status 2
14 verbose stack     at EventEmitter.<anonymous> (/usr/local/lib/node_modules/npm/lib/utils/lifecycle.js:255:16)
14 verbose stack     at emitTwo (events.js:106:13)
14 verbose stack     at EventEmitter.emit (events.js:191:7)
14 verbose stack     at ChildProcess.<anonymous> (/usr/local/lib/node_modules/npm/lib/utils/spawn.js:40:14)
14 verbose stack     at emitTwo (events.js:106:13)
14 verbose stack     at ChildProcess.emit (events.js:191:7)
14 verbose stack     at maybeClose (internal/child_process.js:877:16)
14 verbose stack     at Process.ChildProcess._handle.onexit (internal/child_process.js:226:5)
15 verbose pkgid webpack-typescript@1.0.0
16 verbose cwd /Users/githop/dev/js/animate-canvas
17 error Darwin 16.1.0
18 error argv "/usr/local/Cellar/node/6.8.1/bin/node" "/usr/local/bin/npm" "run" "webpack:prod"
19 error node v6.8.1
20 error npm  v3.10.8
21 error code ELIFECYCLE
22 error webpack-typescript@1.0.0 webpack:prod: `webpack --env.prod -p`
22 error Exit status 2
23 error Failed at the webpack-typescript@1.0.0 webpack:prod script 'webpack --env.prod -p'.
23 error Make sure you have the latest version of node.js and npm installed.
23 error If you do, this is most likely a problem with the webpack-typescript package,
23 error not with npm itself.
23 error Tell the author that this fails on your system:
23 error     webpack --env.prod -p
23 error You can get information on how to open an issue for this project with:
23 error     npm bugs webpack-typescript
23 error Or if that isn't available, you can get their info via:
23 error     npm owner ls webpack-typescript
23 error There is likely additional logging output above.
24 verbose exit [ 1, true ]
